<?xml version="1.0" encoding="UTF-8"?>
<beans xmlns="http://www.springframework.org/schema/beans"
       xmlns:xsi="http://www.w3.org/2001/XMLSchema-instance"
       xmlns:context="http://www.springframework.org/schema/context"
       xmlns:jdbc="http://www.springframework.org/schema/jdbc" xmlns:tx="http://www.springframework.org/schema/tx"
       xsi:schemaLocation="http://www.springframework.org/schema/beans http://www.springframework.org/schema/beans/spring-beans.xsd
        http://www.springframework.org/schema/context http://www.springframework.org/schema/context/spring-context.xsd
        http://www.springframework.org/schema/jdbc http://www.springframework.org/schema/jdbc/spring-jdbc-3.0.xsd http://www.springframework.org/schema/tx http://www.springframework.org/schema/tx/spring-tx.xsd">

    <jdbc:embedded-database id="dataSource">
        <jdbc:script location="classpath:testdb/schema.sql"/>
    </jdbc:embedded-database>

    <context:component-scan base-package="com.gromoks.webstatistic">
        <context:exclude-filter type="regex" expression="com\.gromoks\.webstatistic\.controller\..*"/>
    </context:component-scan>

    <context:property-placeholder location="classpath:application.properties"/>

    <bean id="dbFiller" class="com.gromoks.webstatistic.util.EmbeddedDataBaseLoader">
        <constructor-arg name="dataSource" ref="dataSource"/>
        <constructor-arg name="fullXmlDataFileName" value="/testdb/test-data.xml"/>
    </bean>

    <bean id="jdbcTemplate" class="org.springframework.jdbc.core.JdbcTemplate">
        <constructor-arg name="dataSource" ref="dataSource"/>
    </bean>

    <bean id="sessionFactory" class="org.springframework.orm.hibernate5.LocalSessionFactoryBean">
        <property name="dataSource" ref="dataSource"/>
        <property name="hibernateProperties">
            <props>
                <prop key="hibernate.dialect">${hibernate.dialect}</prop>
                <prop key="hibernate.show_sql">${hibernate.show_sql}</prop>
            </props>
        </property>
        <property name="packagesToScan" value="com.gromoks.webstatistic.entity"/>
    </bean>

    <bean id="transactionManager"
          class="org.springframework.orm.hibernate5.HibernateTransactionManager">
        <property name="sessionFactory" ref="sessionFactory"/>
    </bean>

    <tx:annotation-driven transaction-manager="transactionManager" proxy-target-class="true"/>
</beans>
