<?xml version="1.0" encoding="UTF-8"?>
<dataset>
    <table name="FILE_INFO">
        <column>ID</column>
        <column>FILE_NAME</column>
        <column>LONGEST_WORDS</column>
        <column>SHORTEST_WORDS</column>
        <column>LENGTH</column>
        <column>AVERAGE_WORD_LENGTH</column>
        <row>
            <value>1</value>
            <value>text1</value>
            <value>testtest</value>
            <value>test</value>
            <value>10</value>
            <value>3</value>
        </row>
        <row>
            <value>2</value>
            <value>text2</value>
            <value>testtest</value>
            <value>test</value>
            <value>10</value>
            <value>3</value>
        </row>
    </table>
    <table name="LINE_INFO">
        <column>ROW_NUMBER</column>
        <column>LONGEST_WORDS</column>
        <column>SHORTEST_WORDS</column>
        <column>LENGTH</column>
        <column>AVERAGE_WORD_LENGTH</column>
        <column>FILE_ID</column>
        <row>
            <value>1</value>
            <value>testtest</value>
            <value>test</value>
            <value>10</value>
            <value>3</value>
            <value>1</value>
        </row>
        <row>
            <value>2</value>
            <value>testtest</value>
            <value>test</value>
            <value>10</value>
            <value>3</value>
            <value>1</value>
        </row>
    </table>
</dataset>
